<?xml version="1.0" encoding="UTF-8"?>
<robot generator="Robot 4.1.3 (Python 3.9.10 on linux)" generated="20220302 20:27:42.174" rpa="false" schemaversion="2">
<suite id="s1" name="VoicemodUAT" source="/tmp/voicemod_uat/VoicemodUAT.robot">
<test id="s1-t1" name="Firefox">
<kw name="Evaluate" library="BuiltIn">
<var>${options}</var>
<arg>sys.modules['selenium.webdriver'].firefox.webdriver.Options()</arg>
<arg>sys, selenium.webdriver</arg>
<doc>Evaluates the given expression in Python and returns the result.</doc>
<msg timestamp="20220302 20:27:42.379" level="INFO">${options} = &lt;selenium.webdriver.firefox.options.Options object at 0x7f116f98ec40&gt;</msg>
<status status="PASS" starttime="20220302 20:27:42.379" endtime="20220302 20:27:42.379"/>
</kw>
<kw name="Call Method" library="BuiltIn">
<arg>${options}</arg>
<arg>add_argument</arg>
<arg>-headless</arg>
<doc>Calls the named method of the given object with the provided arguments.</doc>
<status status="PASS" starttime="20220302 20:27:42.379" endtime="20220302 20:27:42.380"/>
</kw>
<kw name="Call Method" library="BuiltIn">
<arg>${options}</arg>
<arg>add_argument</arg>
<arg>-no-sandbox</arg>
<doc>Calls the named method of the given object with the provided arguments.</doc>
<status status="PASS" starttime="20220302 20:27:42.380" endtime="20220302 20:27:42.380"/>
</kw>
<kw name="Create Webdriver" library="SeleniumLibrary">
<arg>Firefox</arg>
<arg>options=${options}</arg>
<arg>service_log_path=${WORKSPACE}/results/geckodriver.log</arg>
<doc>Creates an instance of Selenium WebDriver.</doc>
<msg timestamp="20220302 20:27:42.381" level="INFO">Creating an instance of the Firefox WebDriver.</msg>
<status status="PASS" starttime="20220302 20:27:42.380" endtime="20220302 20:27:43.719"/>
</kw>
<kw name="Set Window Size" library="SeleniumLibrary">
<arg>1500</arg>
<arg>1500</arg>
<doc>Sets current windows size to given ``width`` and ``height``.</doc>
<status status="PASS" starttime="20220302 20:27:43.719" endtime="20220302 20:27:43.733"/>
</kw>
<kw name="Go To" library="SeleniumLibrary">
<arg>https://spage.fi</arg>
<doc>Navigates the current browser window to the provided ``url``.</doc>
<msg timestamp="20220302 20:27:43.734" level="INFO">Opening url 'https://spage.fi'</msg>
<status status="PASS" starttime="20220302 20:27:43.734" endtime="20220302 20:27:44.864"/>
</kw>
<kw name="Capture Page Screenshot" library="SeleniumLibrary">
<doc>Takes a screenshot of the current page and embeds it into a log file.</doc>
<msg timestamp="20220302 20:27:45.014" level="INFO" html="true">&lt;/td&gt;&lt;/tr&gt;&lt;tr&gt;&lt;td colspan="3"&gt;&lt;a href="selenium-screenshot-1.png"&gt;&lt;img src="selenium-screenshot-1.png" width="800px"&gt;&lt;/a&gt;</msg>
<status status="PASS" starttime="20220302 20:27:44.864" endtime="20220302 20:27:45.015"/>
</kw>
<kw name="Close All Browsers" library="SeleniumLibrary" type="TEARDOWN">
<doc>Closes all open browsers and resets the browser cache.</doc>
<status status="PASS" starttime="20220302 20:27:45.015" endtime="20220302 20:27:45.295"/>
</kw>
<status status="PASS" starttime="20220302 20:27:42.378" endtime="20220302 20:27:45.295"/>
</test>
<status status="PASS" starttime="20220302 20:27:42.175" endtime="20220302 20:27:45.296"/>
</suite>
<statistics>
<total>
<stat pass="1" fail="0" skip="0">All Tests</stat>
</total>
<tag>
</tag>
<suite>
<stat pass="1" fail="0" skip="0" id="s1" name="VoicemodUAT">VoicemodUAT</stat>
</suite>
</statistics>
<errors>
</errors>
</robot>
